<?xml version="1.0" encoding="UTF-8"?>
<coverage generated="1613145741">
  <project timestamp="1613145741">
    <file name="/Users/Dion/www/sexy-field/sexy-field-entity/src/DependencyInjection/SectionFieldEntityExtension.php">
      <class name="Tardigrades\DependencyInjection\SectionFieldEntityExtension" namespace="global">
        <metrics complexity="1" methods="1" coveredmethods="0" conditionals="0" coveredconditionals="0" statements="2" coveredstatements="0" elements="3" coveredelements="0"/>
      </class>
      <line num="23" type="method" name="load" visibility="public" complexity="1" crap="2" count="0"/>
      <line num="25" type="stmt" count="0"/>
      <line num="32" type="stmt" count="0"/>
      <metrics loc="34" ncloc="26" classes="1" methods="1" coveredmethods="0" conditionals="0" coveredconditionals="0" statements="2" coveredstatements="0" elements="3" coveredelements="0"/>
    </file>
    <file name="/Users/Dion/www/sexy-field/sexy-field-entity/src/FieldType/Choice/Generator/EntityMethodsGenerator.php">
      <class name="Tardigrades\FieldType\Choice\Generator\EntityMethodsGenerator" namespace="global">
        <metrics complexity="7" methods="1" coveredmethods="0" conditionals="0" coveredconditionals="0" statements="22" coveredstatements="0" elements="23" coveredelements="0"/>
      </class>
      <line num="25" type="method" name="generate" visibility="public" complexity="7" crap="56" count="0"/>
      <line num="27" type="stmt" count="0"/>
      <line num="28" type="stmt" count="0"/>
      <line num="29" type="stmt" count="0"/>
      <line num="30" type="stmt" count="0"/>
      <line num="31" type="stmt" count="0"/>
      <line num="32" type="stmt" count="0"/>
      <line num="33" type="stmt" count="0"/>
      <line num="35" type="stmt" count="0"/>
      <line num="37" type="stmt" count="0"/>
      <line num="39" type="stmt" count="0"/>
      <line num="40" type="stmt" count="0"/>
      <line num="41" type="stmt" count="0"/>
      <line num="42" type="stmt" count="0"/>
      <line num="44" type="stmt" count="0"/>
      <line num="47" type="stmt" count="0"/>
      <line num="48" type="stmt" count="0"/>
      <line num="49" type="stmt" count="0"/>
      <line num="50" type="stmt" count="0"/>
      <line num="51" type="stmt" count="0"/>
      <line num="53" type="stmt" count="0"/>
      <line num="54" type="stmt" count="0"/>
      <line num="56" type="stmt" count="0"/>
      <metrics loc="68" ncloc="59" classes="1" methods="1" coveredmethods="0" conditionals="0" coveredconditionals="0" statements="22" coveredstatements="0" elements="23" coveredelements="0"/>
    </file>
    <file name="/Users/Dion/www/sexy-field/sexy-field-entity/src/FieldType/ConfigurationOverride/Generator/EntityMethodsGenerator.php">
      <class name="Tardigrades\FieldType\ConfigurationOverride\Generator\EntityMethodsGenerator" namespace="global">
        <metrics complexity="8" methods="1" coveredmethods="0" conditionals="0" coveredconditionals="0" statements="27" coveredstatements="0" elements="28" coveredelements="0"/>
      </class>
      <line num="26" type="method" name="generate" visibility="public" complexity="8" crap="72" count="0"/>
      <line num="28" type="stmt" count="0"/>
      <line num="29" type="stmt" count="0"/>
      <line num="30" type="stmt" count="0"/>
      <line num="31" type="stmt" count="0"/>
      <line num="32" type="stmt" count="0"/>
      <line num="33" type="stmt" count="0"/>
      <line num="34" type="stmt" count="0"/>
      <line num="36" type="stmt" count="0"/>
      <line num="38" type="stmt" count="0"/>
      <line num="40" type="stmt" count="0"/>
      <line num="41" type="stmt" count="0"/>
      <line num="42" type="stmt" count="0"/>
      <line num="43" type="stmt" count="0"/>
      <line num="45" type="stmt" count="0"/>
      <line num="48" type="stmt" count="0"/>
      <line num="49" type="stmt" count="0"/>
      <line num="50" type="stmt" count="0"/>
      <line num="52" type="stmt" count="0"/>
      <line num="54" type="stmt" count="0"/>
      <line num="55" type="stmt" count="0"/>
      <line num="56" type="stmt" count="0"/>
      <line num="57" type="stmt" count="0"/>
      <line num="58" type="stmt" count="0"/>
      <line num="60" type="stmt" count="0"/>
      <line num="61" type="stmt" count="0"/>
      <line num="62" type="stmt" count="0"/>
      <line num="64" type="stmt" count="0"/>
      <metrics loc="77" ncloc="68" classes="1" methods="1" coveredmethods="0" conditionals="0" coveredconditionals="0" statements="27" coveredstatements="0" elements="28" coveredelements="0"/>
    </file>
    <file name="/Users/Dion/www/sexy-field/sexy-field-entity/src/FieldType/Generator/EntityConstructorGenerator.php">
      <class name="Tardigrades\FieldType\Generator\EntityConstructorGenerator" namespace="global">
        <metrics complexity="1" methods="0" coveredmethods="0" conditionals="0" coveredconditionals="0" statements="0" coveredstatements="0" elements="0" coveredelements="0"/>
      </class>
      <metrics loc="25" ncloc="17" classes="0" methods="0" coveredmethods="0" conditionals="0" coveredconditionals="0" statements="0" coveredstatements="0" elements="0" coveredelements="0"/>
    </file>
    <file name="/Users/Dion/www/sexy-field/sexy-field-entity/src/FieldType/Generator/EntityMethodsGenerator.php">
      <class name="Tardigrades\FieldType\Generator\EntityMethodsGenerator" namespace="global">
        <metrics complexity="8" methods="1" coveredmethods="0" conditionals="0" coveredconditionals="0" statements="25" coveredstatements="20" elements="26" coveredelements="20"/>
      </class>
      <line num="24" type="method" name="generate" visibility="public" complexity="8" crap="8.51" count="3"/>
      <line num="26" type="stmt" count="3"/>
      <line num="28" type="stmt" count="3"/>
      <line num="29" type="stmt" count="2"/>
      <line num="30" type="stmt" count="2"/>
      <line num="32" type="stmt" count="2"/>
      <line num="34" type="stmt" count="1"/>
      <line num="40" type="stmt" count="3"/>
      <line num="41" type="stmt" count="0"/>
      <line num="44" type="stmt" count="0"/>
      <line num="45" type="stmt" count="0"/>
      <line num="47" type="stmt" count="0"/>
      <line num="48" type="stmt" count="0"/>
      <line num="51" type="stmt" count="3"/>
      <line num="55" type="stmt" count="3"/>
      <line num="56" type="stmt" count="3"/>
      <line num="59" type="stmt" count="3"/>
      <line num="60" type="stmt" count="3"/>
      <line num="61" type="stmt" count="3"/>
      <line num="65" type="stmt" count="3"/>
      <line num="66" type="stmt" count="3"/>
      <line num="67" type="stmt" count="3"/>
      <line num="70" type="stmt" count="3"/>
      <line num="71" type="stmt" count="3"/>
      <line num="72" type="stmt" count="3"/>
      <line num="76" type="stmt" count="3"/>
      <metrics loc="78" ncloc="64" classes="1" methods="1" coveredmethods="0" conditionals="0" coveredconditionals="0" statements="25" coveredstatements="20" elements="26" coveredelements="20"/>
    </file>
    <file name="/Users/Dion/www/sexy-field/sexy-field-entity/src/FieldType/Generator/EntityPrePersistGenerator.php">
      <class name="Tardigrades\FieldType\Generator\EntityPrePersistGenerator" namespace="global">
        <metrics complexity="2" methods="1" coveredmethods="0" conditionals="0" coveredconditionals="0" statements="9" coveredstatements="8" elements="10" coveredelements="8"/>
      </class>
      <line num="23" type="method" name="generate" visibility="public" complexity="2" crap="2.01" count="2"/>
      <line num="25" type="stmt" count="2"/>
      <line num="26" type="stmt" count="1"/>
      <line num="27" type="stmt" count="1"/>
      <line num="30" type="stmt" count="1"/>
      <line num="31" type="stmt" count="1"/>
      <line num="32" type="stmt" count="1"/>
      <line num="36" type="stmt" count="1"/>
      <line num="37" type="stmt" count="1"/>
      <line num="41" type="stmt" count="0"/>
      <metrics loc="43" ncloc="35" classes="1" methods="1" coveredmethods="0" conditionals="0" coveredconditionals="0" statements="9" coveredstatements="8" elements="10" coveredelements="8"/>
    </file>
    <file name="/Users/Dion/www/sexy-field/sexy-field-entity/src/FieldType/Generator/EntityPreUpdateGenerator.php">
      <class name="Tardigrades\FieldType\Generator\EntityPreUpdateGenerator" namespace="global">
        <metrics complexity="2" methods="1" coveredmethods="0" conditionals="0" coveredconditionals="0" statements="9" coveredstatements="8" elements="10" coveredelements="8"/>
      </class>
      <line num="23" type="method" name="generate" visibility="public" complexity="2" crap="2.01" count="2"/>
      <line num="25" type="stmt" count="2"/>
      <line num="26" type="stmt" count="1"/>
      <line num="27" type="stmt" count="1"/>
      <line num="30" type="stmt" count="1"/>
      <line num="31" type="stmt" count="1"/>
      <line num="32" type="stmt" count="1"/>
      <line num="36" type="stmt" count="1"/>
      <line num="37" type="stmt" count="1"/>
      <line num="41" type="stmt" count="0"/>
      <metrics loc="43" ncloc="35" classes="1" methods="1" coveredmethods="0" conditionals="0" coveredconditionals="0" statements="9" coveredstatements="8" elements="10" coveredelements="8"/>
    </file>
    <file name="/Users/Dion/www/sexy-field/sexy-field-entity/src/FieldType/Generator/EntityPropertiesGenerator.php">
      <class name="Tardigrades\FieldType\Generator\EntityPropertiesGenerator" namespace="global">
        <metrics complexity="1" methods="1" coveredmethods="0" conditionals="0" coveredconditionals="0" statements="7" coveredstatements="6" elements="8" coveredelements="6"/>
      </class>
      <line num="23" type="method" name="generate" visibility="public" complexity="1" crap="1.00" count="1"/>
      <line num="25" type="stmt" count="1"/>
      <line num="26" type="stmt" count="0"/>
      <line num="27" type="stmt" count="1"/>
      <line num="30" type="stmt" count="1"/>
      <line num="31" type="stmt" count="1"/>
      <line num="32" type="stmt" count="1"/>
      <line num="36" type="stmt" count="1"/>
      <metrics loc="38" ncloc="30" classes="1" methods="1" coveredmethods="0" conditionals="0" coveredconditionals="0" statements="7" coveredstatements="6" elements="8" coveredelements="6"/>
    </file>
    <file name="/Users/Dion/www/sexy-field/sexy-field-entity/src/FieldType/Generator/EntityUseGenerator.php">
      <class name="Tardigrades\FieldType\Generator\EntityUseGenerator" namespace="global">
        <metrics complexity="1" methods="1" coveredmethods="0" conditionals="0" coveredconditionals="0" statements="3" coveredstatements="2" elements="4" coveredelements="2"/>
      </class>
      <line num="23" type="method" name="generate" visibility="public" complexity="1" crap="1.04" count="1"/>
      <line num="25" type="stmt" count="1"/>
      <line num="26" type="stmt" count="0"/>
      <line num="27" type="stmt" count="1"/>
      <metrics loc="31" ncloc="23" classes="1" methods="1" coveredmethods="0" conditionals="0" coveredconditionals="0" statements="3" coveredstatements="2" elements="4" coveredelements="2"/>
    </file>
    <file name="/Users/Dion/www/sexy-field/sexy-field-entity/src/FieldType/Generator/EntityValidatorMetadataGenerator.php">
      <class name="Tardigrades\FieldType\Generator\EntityValidatorMetadataGenerator" namespace="global">
        <metrics complexity="19" methods="2" coveredmethods="0" conditionals="0" coveredconditionals="0" statements="50" coveredstatements="31" elements="52" coveredelements="31"/>
      </class>
      <line num="25" type="method" name="generate" visibility="public" complexity="13" crap="15.45" count="2"/>
      <line num="27" type="stmt" count="2"/>
      <line num="28" type="stmt" count="0"/>
      <line num="29" type="stmt" count="2"/>
      <line num="33" type="stmt" count="2"/>
      <line num="34" type="stmt" count="2"/>
      <line num="38" type="stmt" count="2"/>
      <line num="39" type="stmt" count="0"/>
      <line num="40" type="stmt" count="2"/>
      <line num="41" type="stmt" count="0"/>
      <line num="42" type="stmt" count="2"/>
      <line num="44" type="stmt" count="2"/>
      <line num="45" type="stmt" count="0"/>
      <line num="46" type="stmt" count="0"/>
      <line num="47" type="stmt" count="0"/>
      <line num="48" type="stmt" count="0"/>
      <line num="49" type="stmt" count="0"/>
      <line num="50" type="stmt" count="0"/>
      <line num="56" type="stmt" count="2"/>
      <line num="58" type="stmt" count="2"/>
      <line num="59" type="stmt" count="2"/>
      <line num="60" type="stmt" count="0"/>
      <line num="64" type="stmt" count="2"/>
      <line num="65" type="stmt" count="1"/>
      <line num="66" type="stmt" count="1"/>
      <line num="70" type="stmt" count="1"/>
      <line num="71" type="stmt" count="1"/>
      <line num="72" type="stmt" count="1"/>
      <line num="73" type="stmt" count="1"/>
      <line num="74" type="stmt" count="1"/>
      <line num="75" type="stmt" count="1"/>
      <line num="76" type="stmt" count="1"/>
      <line num="77" type="stmt" count="1"/>
      <line num="78" type="stmt" count="1"/>
      <line num="79" type="stmt" count="1"/>
      <line num="83" type="stmt" count="1"/>
      <line num="84" type="stmt" count="1"/>
      <line num="85" type="stmt" count="1"/>
      <line num="87" type="stmt" count="1"/>
      <line num="88" type="stmt" count="1"/>
      <line num="90" type="stmt" count="1"/>
      <line num="93" type="stmt" count="1"/>
      <line num="96" type="method" name="checkSectionOverrides" visibility="private" complexity="6" crap="42" count="0"/>
      <line num="102" type="stmt" count="0"/>
      <line num="103" type="stmt" count="0"/>
      <line num="105" type="stmt" count="0"/>
      <line num="106" type="stmt" count="0"/>
      <line num="107" type="stmt" count="0"/>
      <line num="108" type="stmt" count="0"/>
      <line num="110" type="stmt" count="0"/>
      <line num="111" type="stmt" count="0"/>
      <line num="117" type="stmt" count="0"/>
      <metrics loc="119" ncloc="107" classes="1" methods="2" coveredmethods="0" conditionals="0" coveredconditionals="0" statements="50" coveredstatements="31" elements="52" coveredelements="31"/>
    </file>
    <file name="/Users/Dion/www/sexy-field/sexy-field-entity/src/FieldType/Relationship/Generator/EntityConstructorGenerator.php">
      <class name="Tardigrades\FieldType\Relationship\Generator\EntityConstructorGenerator" namespace="global">
        <metrics complexity="2" methods="1" coveredmethods="0" conditionals="0" coveredconditionals="0" statements="9" coveredstatements="8" elements="10" coveredelements="8"/>
      </class>
      <line num="25" type="method" name="generate" visibility="public" complexity="2" crap="2.01" count="1"/>
      <line num="27" type="stmt" count="1"/>
      <line num="29" type="stmt" count="1"/>
      <line num="30" type="stmt" count="1"/>
      <line num="32" type="stmt" count="1"/>
      <line num="34" type="stmt" count="1"/>
      <line num="35" type="stmt" count="0"/>
      <line num="36" type="stmt" count="1"/>
      <line num="38" type="stmt" count="1"/>
      <line num="39" type="stmt" count="1"/>
      <metrics loc="43" ncloc="35" classes="1" methods="1" coveredmethods="0" conditionals="0" coveredconditionals="0" statements="9" coveredstatements="8" elements="10" coveredelements="8"/>
    </file>
    <file name="/Users/Dion/www/sexy-field/sexy-field-entity/src/FieldType/Relationship/Generator/EntityMethodsGenerator.php">
      <class name="Tardigrades\FieldType\Relationship\Generator\EntityMethodsGenerator" namespace="global">
        <metrics complexity="3" methods="1" coveredmethods="0" conditionals="0" coveredconditionals="0" statements="22" coveredstatements="21" elements="23" coveredelements="21"/>
      </class>
      <line num="26" type="method" name="generate" visibility="public" complexity="3" crap="3" count="3"/>
      <line num="28" type="stmt" count="3"/>
      <line num="31" type="stmt" count="3"/>
      <line num="33" type="stmt" count="3"/>
      <line num="34" type="stmt" count="3"/>
      <line num="35" type="stmt" count="1"/>
      <line num="37" type="stmt" count="3"/>
      <line num="40" type="stmt" count="3"/>
      <line num="42" type="stmt" count="3"/>
      <line num="43" type="stmt" count="3"/>
      <line num="46" type="stmt" count="3"/>
      <line num="48" type="stmt" count="3"/>
      <line num="49" type="stmt" count="0"/>
      <line num="50" type="stmt" count="3"/>
      <line num="52" type="stmt" count="3"/>
      <line num="53" type="stmt" count="3"/>
      <line num="54" type="stmt" count="3"/>
      <line num="55" type="stmt" count="3"/>
      <line num="56" type="stmt" count="3"/>
      <line num="57" type="stmt" count="3"/>
      <line num="58" type="stmt" count="3"/>
      <line num="59" type="stmt" count="3"/>
      <line num="60" type="stmt" count="3"/>
      <metrics loc="64" ncloc="55" classes="1" methods="1" coveredmethods="0" conditionals="0" coveredconditionals="0" statements="22" coveredstatements="21" elements="23" coveredelements="21"/>
    </file>
    <file name="/Users/Dion/www/sexy-field/sexy-field-entity/src/FieldType/Relationship/Generator/EntityPropertiesGenerator.php">
      <class name="Tardigrades\FieldType\Relationship\Generator\EntityPropertiesGenerator" namespace="global">
        <metrics complexity="1" methods="1" coveredmethods="1" conditionals="0" coveredconditionals="0" statements="9" coveredstatements="9" elements="10" coveredelements="10"/>
      </class>
      <line num="25" type="method" name="generate" visibility="public" complexity="1" crap="1" count="2"/>
      <line num="27" type="stmt" count="2"/>
      <line num="29" type="stmt" count="2"/>
      <line num="31" type="stmt" count="2"/>
      <line num="33" type="stmt" count="2"/>
      <line num="35" type="stmt" count="2"/>
      <line num="37" type="stmt" count="2"/>
      <line num="38" type="stmt" count="2"/>
      <line num="39" type="stmt" count="2"/>
      <line num="40" type="stmt" count="2"/>
      <metrics loc="44" ncloc="36" classes="1" methods="1" coveredmethods="1" conditionals="0" coveredconditionals="0" statements="9" coveredstatements="9" elements="10" coveredelements="10"/>
    </file>
    <file name="/Users/Dion/www/sexy-field/sexy-field-entity/src/FieldType/Slug/Generator/EntityPrePersistGenerator.php">
      <class name="Tardigrades\FieldType\Slug\Generator\EntityPrePersistGenerator" namespace="global">
        <metrics complexity="7" methods="3" coveredmethods="2" conditionals="0" coveredconditionals="0" statements="36" coveredstatements="35" elements="39" coveredelements="37"/>
      </class>
      <line num="27" type="method" name="generate" visibility="public" complexity="1" crap="1.00" count="1"/>
      <line num="29" type="stmt" count="1"/>
      <line num="30" type="stmt" count="0"/>
      <line num="31" type="stmt" count="1"/>
      <line num="35" type="stmt" count="1"/>
      <line num="36" type="stmt" count="1"/>
      <line num="37" type="stmt" count="1"/>
      <line num="38" type="stmt" count="1"/>
      <line num="42" type="stmt" count="1"/>
      <line num="43" type="stmt" count="1"/>
      <line num="46" type="stmt" count="1"/>
      <line num="47" type="stmt" count="1"/>
      <line num="48" type="stmt" count="1"/>
      <line num="52" type="stmt" count="1"/>
      <line num="53" type="stmt" count="1"/>
      <line num="54" type="stmt" count="1"/>
      <line num="58" type="stmt" count="1"/>
      <line num="61" type="method" name="makeSlugAssignment" visibility="private" complexity="4" crap="4" count="1"/>
      <line num="63" type="stmt" count="1"/>
      <line num="64" type="stmt" count="1"/>
      <line num="65" type="stmt" count="1"/>
      <line num="66" type="stmt" count="1"/>
      <line num="67" type="stmt" count="1"/>
      <line num="68" type="stmt" count="1"/>
      <line num="69" type="stmt" count="1"/>
      <line num="70" type="stmt" count="1"/>
      <line num="71" type="stmt" count="1"/>
      <line num="74" type="stmt" count="1"/>
      <line num="76" type="stmt" count="1"/>
      <line num="79" type="method" name="makeSlugVerification" visibility="private" complexity="2" crap="2" count="1"/>
      <line num="81" type="stmt" count="1"/>
      <line num="82" type="stmt" count="1"/>
      <line num="83" type="stmt" count="1"/>
      <line num="84" type="stmt" count="1"/>
      <line num="85" type="stmt" count="1"/>
      <line num="87" type="stmt" count="1"/>
      <line num="88" type="stmt" count="1"/>
      <line num="89" type="stmt" count="1"/>
      <line num="94" type="stmt" count="1"/>
      <metrics loc="96" ncloc="88" classes="1" methods="3" coveredmethods="2" conditionals="0" coveredconditionals="0" statements="36" coveredstatements="35" elements="39" coveredelements="37"/>
    </file>
    <file name="/Users/Dion/www/sexy-field/sexy-field-entity/src/SectionField/Generator/EntityGenerator.php">
      <class name="Tardigrades\SectionField\Generator\EntityGenerator" namespace="global">
        <metrics complexity="62" methods="18" coveredmethods="11" conditionals="0" coveredconditionals="0" statements="241" coveredstatements="149" elements="259" coveredelements="160"/>
      </class>
      <line num="55" type="method" name="generateBySection" visibility="public" complexity="1" crap="1" count="2"/>
      <line num="59" type="stmt" count="2"/>
      <line num="62" type="stmt" count="2"/>
      <line num="64" type="stmt" count="2"/>
      <line num="66" type="stmt" count="2"/>
      <line num="67" type="stmt" count="2"/>
      <line num="68" type="stmt" count="2"/>
      <line num="70" type="stmt" count="2"/>
      <line num="71" type="stmt" count="2"/>
      <line num="72" type="stmt" count="2"/>
      <line num="73" type="stmt" count="2"/>
      <line num="75" type="stmt" count="2"/>
      <line num="76" type="stmt" count="2"/>
      <line num="77" type="stmt" count="2"/>
      <line num="78" type="stmt" count="2"/>
      <line num="82" type="method" name="generateElements" visibility="private" complexity="18" crap="48.88" count="2"/>
      <line num="85" type="stmt" count="2"/>
      <line num="86" type="stmt" count="2"/>
      <line num="87" type="stmt" count="0"/>
      <line num="91" type="stmt" count="2"/>
      <line num="92" type="stmt" count="2"/>
      <line num="95" type="stmt" count="2"/>
      <line num="96" type="stmt" count="2"/>
      <line num="97" type="stmt" count="2"/>
      <line num="98" type="stmt" count="2"/>
      <line num="99" type="stmt" count="2"/>
      <line num="100" type="stmt" count="2"/>
      <line num="101" type="stmt" count="2"/>
      <line num="103" type="stmt" count="2"/>
      <line num="104" type="stmt" count="2"/>
      <line num="105" type="stmt" count="0"/>
      <line num="106" type="stmt" count="0"/>
      <line num="107" type="stmt" count="0"/>
      <line num="108" type="stmt" count="0"/>
      <line num="110" type="stmt" count="2"/>
      <line num="111" type="stmt" count="2"/>
      <line num="112" type="stmt" count="2"/>
      <line num="115" type="stmt" count="2"/>
      <line num="117" type="stmt" count="2"/>
      <line num="120" type="stmt" count="2"/>
      <line num="121" type="stmt" count="2"/>
      <line num="122" type="stmt" count="2"/>
      <line num="123" type="stmt" count="2"/>
      <line num="126" type="stmt" count="2"/>
      <line num="127" type="stmt" count="2"/>
      <line num="128" type="stmt" count="2"/>
      <line num="129" type="stmt" count="2"/>
      <line num="130" type="stmt" count="2"/>
      <line num="133" type="stmt" count="2"/>
      <line num="134" type="stmt" count="2"/>
      <line num="135" type="stmt" count="2"/>
      <line num="137" type="stmt" count="2"/>
      <line num="138" type="stmt" count="2"/>
      <line num="139" type="stmt" count="2"/>
      <line num="142" type="stmt" count="2"/>
      <line num="143" type="stmt" count="2"/>
      <line num="144" type="stmt" count="0"/>
      <line num="145" type="stmt" count="0"/>
      <line num="146" type="stmt" count="0"/>
      <line num="147" type="stmt" count="0"/>
      <line num="148" type="stmt" count="0"/>
      <line num="149" type="stmt" count="0"/>
      <line num="154" type="stmt" count="2"/>
      <line num="160" type="stmt" count="2"/>
      <line num="161" type="stmt" count="2"/>
      <line num="162" type="stmt" count="2"/>
      <line num="164" type="stmt" count="2"/>
      <line num="165" type="stmt" count="2"/>
      <line num="167" type="stmt" count="0"/>
      <line num="168" type="stmt" count="0"/>
      <line num="170" type="stmt" count="2"/>
      <line num="172" type="stmt" count="0"/>
      <line num="173" type="stmt" count="0"/>
      <line num="175" type="stmt" count="0"/>
      <line num="176" type="stmt" count="0"/>
      <line num="178" type="stmt" count="0"/>
      <line num="179" type="stmt" count="0"/>
      <line num="182" type="stmt" count="0"/>
      <line num="183" type="stmt" count="0"/>
      <line num="184" type="stmt" count="0"/>
      <line num="186" type="stmt" count="0"/>
      <line num="189" type="stmt" count="0"/>
      <line num="190" type="stmt" count="0"/>
      <line num="191" type="stmt" count="0"/>
      <line num="192" type="stmt" count="0"/>
      <line num="194" type="stmt" count="0"/>
      <line num="195" type="stmt" count="0"/>
      <line num="196" type="stmt" count="0"/>
      <line num="197" type="stmt" count="0"/>
      <line num="198" type="stmt" count="0"/>
      <line num="200" type="stmt" count="0"/>
      <line num="202" type="stmt" count="0"/>
      <line num="203" type="stmt" count="0"/>
      <line num="205" type="stmt" count="0"/>
      <line num="206" type="stmt" count="0"/>
      <line num="211" type="stmt" count="2"/>
      <line num="213" type="stmt" count="2"/>
      <line num="215" type="method" name="orderPrePersist" visibility="private" complexity="6" crap="13.78" count="2"/>
      <line num="217" type="stmt" count="2"/>
      <line num="218" type="stmt" count="0"/>
      <line num="219" type="stmt" count="0"/>
      <line num="220" type="stmt" count="0"/>
      <line num="222" type="stmt" count="0"/>
      <line num="223" type="stmt" count="0"/>
      <line num="225" type="stmt" count="0"/>
      <line num="229" type="stmt" count="2"/>
      <line num="231" type="stmt" count="2"/>
      <line num="233" type="stmt" count="0"/>
      <line num="234" type="stmt" count="0"/>
      <line num="235" type="stmt" count="2"/>
      <line num="237" type="stmt" count="2"/>
      <line num="238" type="stmt" count="0"/>
      <line num="240" type="stmt" count="2"/>
      <line num="242" type="method" name="orderPreUpdate" visibility="private" complexity="6" crap="13.78" count="2"/>
      <line num="244" type="stmt" count="2"/>
      <line num="245" type="stmt" count="0"/>
      <line num="246" type="stmt" count="0"/>
      <line num="247" type="stmt" count="0"/>
      <line num="249" type="stmt" count="0"/>
      <line num="250" type="stmt" count="0"/>
      <line num="252" type="stmt" count="0"/>
      <line num="256" type="stmt" count="2"/>
      <line num="258" type="stmt" count="2"/>
      <line num="260" type="stmt" count="0"/>
      <line num="261" type="stmt" count="0"/>
      <line num="262" type="stmt" count="2"/>
      <line num="264" type="stmt" count="2"/>
      <line num="265" type="stmt" count="0"/>
      <line num="267" type="stmt" count="2"/>
      <line num="269" type="method" name="initializeTemplates" visibility="private" complexity="1" crap="1" count="2"/>
      <line num="271" type="stmt" count="2"/>
      <line num="272" type="stmt" count="2"/>
      <line num="274" type="stmt" count="2"/>
      <line num="275" type="stmt" count="2"/>
      <line num="276" type="stmt" count="2"/>
      <line num="277" type="stmt" count="2"/>
      <line num="278" type="stmt" count="2"/>
      <line num="279" type="stmt" count="2"/>
      <line num="280" type="stmt" count="2"/>
      <line num="282" type="stmt" count="2"/>
      <line num="284" type="method" name="removeDoubles" visibility="private" complexity="2" crap="2" count="2"/>
      <line num="286" type="stmt" count="2"/>
      <line num="287" type="stmt" count="2"/>
      <line num="289" type="stmt" count="2"/>
      <line num="291" type="method" name="generateSlugFieldGetMethod" visibility="protected" complexity="2" crap="6" count="0"/>
      <line num="293" type="stmt" count="0"/>
      <line num="295" type="stmt" count="0"/>
      <line num="297" type="stmt" count="0"/>
      <line num="298" type="stmt" count="0"/>
      <line num="300" type="stmt" count="0"/>
      <line num="305" type="stmt" count="0"/>
      <line num="308" type="method" name="generateDefaultFieldGetMethod" visibility="protected" complexity="1" crap="2" count="0"/>
      <line num="311" type="stmt" count="0"/>
      <line num="313" type="stmt" count="0"/>
      <line num="314" type="stmt" count="0"/>
      <line num="316" type="stmt" count="0"/>
      <line num="321" type="method" name="insertRenderedTemplates" visibility="private" complexity="2" crap="2" count="2"/>
      <line num="323" type="stmt" count="2"/>
      <line num="324" type="stmt" count="2"/>
      <line num="325" type="stmt" count="2"/>
      <line num="326" type="stmt" count="2"/>
      <line num="331" type="stmt" count="2"/>
      <line num="334" type="method" name="insertSlug" visibility="private" complexity="3" crap="4.12" count="2"/>
      <line num="337" type="stmt" count="2"/>
      <line num="338" type="stmt" count="2"/>
      <line num="339" type="stmt" count="2"/>
      <line num="340" type="stmt" count="2"/>
      <line num="344" type="stmt" count="0"/>
      <line num="345" type="stmt" count="0"/>
      <line num="346" type="stmt" count="0"/>
      <line num="347" type="stmt" count="0"/>
      <line num="350" type="stmt" count="0"/>
      <line num="353" type="stmt" count="2"/>
      <line num="356" type="method" name="insertDefaultFieldMethod" visibility="private" complexity="1" crap="1" count="2"/>
      <line num="358" type="stmt" count="2"/>
      <line num="359" type="stmt" count="2"/>
      <line num="360" type="stmt" count="2"/>
      <line num="364" type="stmt" count="2"/>
      <line num="367" type="method" name="insertSection" visibility="private" complexity="1" crap="1" count="2"/>
      <line num="369" type="stmt" count="2"/>
      <line num="370" type="stmt" count="2"/>
      <line num="371" type="stmt" count="2"/>
      <line num="375" type="stmt" count="2"/>
      <line num="378" type="method" name="getNamespace" visibility="private" complexity="1" crap="1" count="2"/>
      <line num="380" type="stmt" count="2"/>
      <line num="383" type="method" name="insertNamespace" visibility="private" complexity="1" crap="1" count="2"/>
      <line num="385" type="stmt" count="2"/>
      <line num="386" type="stmt" count="2"/>
      <line num="387" type="stmt" count="2"/>
      <line num="391" type="stmt" count="2"/>
      <line num="394" type="method" name="insertFieldMetadata" visibility="private" complexity="1" crap="1" count="2"/>
      <line num="396" type="stmt" count="2"/>
      <line num="399" type="stmt" count="2"/>
      <line num="400" type="stmt" count="2"/>
      <line num="403" type="stmt" count="2"/>
      <line num="404" type="stmt" count="2"/>
      <line num="405" type="stmt" count="2"/>
      <line num="408" type="stmt" count="2"/>
      <line num="410" type="stmt" count="2"/>
      <line num="411" type="stmt" count="2"/>
      <line num="412" type="stmt" count="2"/>
      <line num="417" type="method" name="insertValidationMetadata" visibility="private" complexity="12" crap="47.76" count="2"/>
      <line num="419" type="stmt" count="2"/>
      <line num="421" type="stmt" count="2"/>
      <line num="422" type="stmt" count="2"/>
      <line num="423" type="stmt" count="2"/>
      <line num="424" type="stmt" count="1"/>
      <line num="425" type="stmt" count="1"/>
      <line num="426" type="stmt" count="1"/>
      <line num="427" type="stmt" count="1"/>
      <line num="429" type="stmt" count="1"/>
      <line num="430" type="stmt" count="1"/>
      <line num="432" type="stmt" count="0"/>
      <line num="433" type="stmt" count="0"/>
      <line num="434" type="stmt" count="0"/>
      <line num="437" type="stmt" count="0"/>
      <line num="438" type="stmt" count="0"/>
      <line num="439" type="stmt" count="0"/>
      <line num="442" type="stmt" count="0"/>
      <line num="443" type="stmt" count="0"/>
      <line num="447" type="stmt" count="0"/>
      <line num="448" type="stmt" count="0"/>
      <line num="449" type="stmt" count="0"/>
      <line num="450" type="stmt" count="0"/>
      <line num="452" type="stmt" count="0"/>
      <line num="453" type="stmt" count="0"/>
      <line num="454" type="stmt" count="0"/>
      <line num="457" type="stmt" count="0"/>
      <line num="458" type="stmt" count="0"/>
      <line num="462" type="stmt" count="0"/>
      <line num="464" type="stmt" count="0"/>
      <line num="466" type="stmt" count="0"/>
      <line num="467" type="stmt" count="0"/>
      <line num="473" type="stmt" count="0"/>
      <line num="478" type="stmt" count="2"/>
      <line num="479" type="stmt" count="2"/>
      <line num="484" type="stmt" count="2"/>
      <line num="487" type="method" name="insertEntityInterfaces" visibility="private" complexity="2" crap="2" count="2"/>
      <line num="489" type="stmt" count="2"/>
      <line num="491" type="stmt" count="2"/>
      <line num="492" type="stmt" count="1"/>
      <line num="493" type="stmt" count="1"/>
      <line num="494" type="stmt" count="1"/>
      <line num="498" type="stmt" count="1"/>
      <line num="499" type="stmt" count="1"/>
      <line num="500" type="stmt" count="1"/>
      <line num="505" type="stmt" count="2"/>
      <line num="508" type="method" name="generateEntity" visibility="private" complexity="1" crap="1" count="2"/>
      <line num="510" type="stmt" count="2"/>
      <line num="512" type="stmt" count="2"/>
      <line num="513" type="stmt" count="2"/>
      <line num="514" type="stmt" count="2"/>
      <line num="515" type="stmt" count="2"/>
      <line num="516" type="stmt" count="2"/>
      <line num="517" type="stmt" count="2"/>
      <line num="518" type="stmt" count="2"/>
      <line num="519" type="stmt" count="2"/>
      <line num="520" type="stmt" count="2"/>
      <line num="522" type="stmt" count="2"/>
      <metrics loc="524" ncloc="498" classes="1" methods="18" coveredmethods="11" conditionals="0" coveredconditionals="0" statements="241" coveredstatements="149" elements="259" coveredelements="160"/>
    </file>
    <file name="/Users/Dion/www/sexy-field/sexy-field-entity/src/SectionField/Generator/EntityTraitGenerator.php">
      <class name="Tardigrades\SectionField\Generator\EntityTraitGenerator" namespace="global">
        <metrics complexity="1" methods="1" coveredmethods="0" conditionals="0" coveredconditionals="0" statements="6" coveredstatements="0" elements="7" coveredelements="0"/>
      </class>
      <line num="22" type="method" name="generateBySection" visibility="public" complexity="1" crap="2" count="0"/>
      <line num="24" type="stmt" count="0"/>
      <line num="25" type="stmt" count="0"/>
      <line num="26" type="stmt" count="0"/>
      <line num="28" type="stmt" count="0"/>
      <line num="29" type="stmt" count="0"/>
      <line num="35" type="stmt" count="0"/>
      <metrics loc="42" ncloc="34" classes="1" methods="1" coveredmethods="0" conditionals="0" coveredconditionals="0" statements="6" coveredstatements="0" elements="7" coveredelements="0"/>
    </file>
    <file name="/Users/Dion/www/sexy-field/sexy-field-entity/src/SectionField/Generator/JmsSerializerConfigGenerator.php">
      <class name="Tardigrades\SectionField\Generator\JmsSerializerConfigGenerator" namespace="global">
        <metrics complexity="13" methods="2" coveredmethods="0" conditionals="0" coveredconditionals="0" statements="36" coveredstatements="0" elements="38" coveredelements="0"/>
      </class>
      <line num="26" type="method" name="generateBySection" visibility="public" complexity="6" crap="42" count="0"/>
      <line num="28" type="stmt" count="0"/>
      <line num="30" type="stmt" count="0"/>
      <line num="31" type="stmt" count="0"/>
      <line num="35" type="stmt" count="0"/>
      <line num="37" type="stmt" count="0"/>
      <line num="38" type="stmt" count="0"/>
      <line num="39" type="stmt" count="0"/>
      <line num="40" type="stmt" count="0"/>
      <line num="41" type="stmt" count="0"/>
      <line num="44" type="stmt" count="0"/>
      <line num="49" type="stmt" count="0"/>
      <line num="52" type="stmt" count="0"/>
      <line num="55" type="stmt" count="0"/>
      <line num="58" type="stmt" count="0"/>
      <line num="59" type="stmt" count="0"/>
      <line num="60" type="stmt" count="0"/>
      <line num="61" type="stmt" count="0"/>
      <line num="64" type="stmt" count="0"/>
      <line num="65" type="stmt" count="0"/>
      <line num="71" type="stmt" count="0"/>
      <line num="78" type="method" name="parseFieldProperties" visibility="private" complexity="7" crap="56" count="0"/>
      <line num="80" type="stmt" count="0"/>
      <line num="82" type="stmt" count="0"/>
      <line num="83" type="stmt" count="0"/>
      <line num="84" type="stmt" count="0"/>
      <line num="85" type="stmt" count="0"/>
      <line num="86" type="stmt" count="0"/>
      <line num="87" type="stmt" count="0"/>
      <line num="88" type="stmt" count="0"/>
      <line num="89" type="stmt" count="0"/>
      <line num="90" type="stmt" count="0"/>
      <line num="91" type="stmt" count="0"/>
      <line num="92" type="stmt" count="0"/>
      <line num="93" type="stmt" count="0"/>
      <line num="96" type="stmt" count="0"/>
      <line num="99" type="stmt" count="0"/>
      <line num="103" type="stmt" count="0"/>
      <metrics loc="105" ncloc="93" classes="1" methods="2" coveredmethods="0" conditionals="0" coveredconditionals="0" statements="36" coveredstatements="0" elements="38" coveredelements="0"/>
    </file>
    <file name="/Users/Dion/www/sexy-field/sexy-field-entity/src/SectionField/Generator/NoJmsConfigurationException.php">
      <class name="Tardigrades\SectionField\Generator\NoJmsConfigurationException" namespace="global">
        <metrics complexity="1" methods="1" coveredmethods="0" conditionals="0" coveredconditionals="0" statements="1" coveredstatements="0" elements="2" coveredelements="0"/>
      </class>
      <line num="20" type="method" name="__construct" visibility="public" complexity="1" crap="2" count="0"/>
      <line num="22" type="stmt" count="0"/>
      <metrics loc="24" ncloc="16" classes="1" methods="1" coveredmethods="0" conditionals="0" coveredconditionals="0" statements="1" coveredstatements="0" elements="2" coveredelements="0"/>
    </file>
    <metrics files="18" loc="1498" ncloc="1319" classes="17" methods="38" coveredmethods="14" conditionals="0" coveredconditionals="0" statements="514" coveredstatements="297" elements="552" coveredelements="311"/>
  </project>
</coverage>
